c:\users\weisea3\desktop\gamearch\finalproject\gamearchfinalproject\example-scripting-master\build\ga-demo-scripting\ga.dir\debug\vc141.pdb
c:\users\weisea3\desktop\gamearch\finalproject\gamearchfinalproject\example-scripting-master\build\ga-demo-scripting\ga.dir\debug\ga_condvar.obj
c:\users\weisea3\desktop\gamearch\finalproject\gamearchfinalproject\example-scripting-master\build\ga-demo-scripting\ga.dir\debug\ga_widget.obj
c:\users\weisea3\desktop\gamearch\finalproject\gamearchfinalproject\example-scripting-master\build\ga-demo-scripting\ga.dir\debug\ga_label.obj
c:\users\weisea3\desktop\gamearch\finalproject\gamearchfinalproject\example-scripting-master\build\ga-demo-scripting\ga.dir\debug\ga_font.obj
c:\users\weisea3\desktop\gamearch\finalproject\gamearchfinalproject\example-scripting-master\build\ga-demo-scripting\ga.dir\debug\ga_checkbox.obj
c:\users\weisea3\desktop\gamearch\finalproject\gamearchfinalproject\example-scripting-master\build\ga-demo-scripting\ga.dir\debug\ga_button.obj
c:\users\weisea3\desktop\gamearch\finalproject\gamearchfinalproject\example-scripting-master\build\ga-demo-scripting\ga.dir\debug\ga_texture.obj
c:\users\weisea3\desktop\gamearch\finalproject\gamearchfinalproject\example-scripting-master\build\ga-demo-scripting\ga.dir\debug\ga_program.obj
c:\users\weisea3\desktop\gamearch\finalproject\gamearchfinalproject\example-scripting-master\build\ga-demo-scripting\ga.dir\debug\ga_node.obj
c:\users\weisea3\desktop\gamearch\finalproject\gamearchfinalproject\example-scripting-master\build\ga-demo-scripting\ga.dir\debug\ga_model_component.obj
c:\users\weisea3\desktop\gamearch\finalproject\gamearchfinalproject\example-scripting-master\build\ga-demo-scripting\ga.dir\debug\ga_mesh.obj
c:\users\weisea3\desktop\gamearch\finalproject\gamearchfinalproject\example-scripting-master\build\ga-demo-scripting\ga.dir\debug\ga_material.obj
c:\users\weisea3\desktop\gamearch\finalproject\gamearchfinalproject\example-scripting-master\build\ga-demo-scripting\ga.dir\debug\ga_cube_component.obj
c:\users\weisea3\desktop\gamearch\finalproject\gamearchfinalproject\example-scripting-master\build\ga-demo-scripting\ga.dir\debug\ga_sim.obj
c:\users\weisea3\desktop\gamearch\finalproject\gamearchfinalproject\example-scripting-master\build\ga-demo-scripting\ga.dir\debug\ga_output.obj
c:\users\weisea3\desktop\gamearch\finalproject\gamearchfinalproject\example-scripting-master\build\ga-demo-scripting\ga.dir\debug\ga_input.obj
c:\users\weisea3\desktop\gamearch\finalproject\gamearchfinalproject\example-scripting-master\build\ga-demo-scripting\ga.dir\debug\ga_camera.obj
c:\users\weisea3\desktop\gamearch\finalproject\gamearchfinalproject\example-scripting-master\build\ga-demo-scripting\ga.dir\debug\ga_lua_component.obj
c:\users\weisea3\desktop\gamearch\finalproject\gamearchfinalproject\example-scripting-master\build\ga-demo-scripting\ga.dir\debug\ga_entity.obj
c:\users\weisea3\desktop\gamearch\finalproject\gamearchfinalproject\example-scripting-master\build\ga-demo-scripting\ga.dir\debug\ga_component.obj
c:\users\weisea3\desktop\gamearch\finalproject\gamearchfinalproject\example-scripting-master\build\ga-demo-scripting\ga.dir\debug\ga_vec4f.obj
c:\users\weisea3\desktop\gamearch\finalproject\gamearchfinalproject\example-scripting-master\build\ga-demo-scripting\ga.dir\debug\ga_vec3f.obj
c:\users\weisea3\desktop\gamearch\finalproject\gamearchfinalproject\example-scripting-master\build\ga-demo-scripting\ga.dir\debug\ga_vec2f.obj
c:\users\weisea3\desktop\gamearch\finalproject\gamearchfinalproject\example-scripting-master\build\ga-demo-scripting\ga.dir\debug\ga_quatf.obj
c:\users\weisea3\desktop\gamearch\finalproject\gamearchfinalproject\example-scripting-master\build\ga-demo-scripting\ga.dir\debug\ga_mat4f.obj
c:\users\weisea3\desktop\gamearch\finalproject\gamearchfinalproject\example-scripting-master\build\ga-demo-scripting\ga.dir\debug\ga_mat3f.obj
c:\users\weisea3\desktop\gamearch\finalproject\gamearchfinalproject\example-scripting-master\build\ga-demo-scripting\ga.dir\debug\main.obj
c:\users\weisea3\desktop\gamearch\finalproject\gamearchfinalproject\example-scripting-master\build\ga-demo-scripting\ga.dir\debug\ga_queue.obj
c:\users\weisea3\desktop\gamearch\finalproject\gamearchfinalproject\example-scripting-master\build\ga-demo-scripting\ga.dir\debug\ga_job.obj
c:\users\weisea3\desktop\gamearch\finalproject\gamearchfinalproject\example-scripting-master\build\ga-demo-scripting\ga.dir\debug\ga_intpool.obj
c:\users\weisea3\desktop\gamearch\finalproject\gamearchfinalproject\example-scripting-master\build\ga-demo-scripting\ga.dir\debug\ga_fiber.obj
c:\users\weisea3\desktop\gamearch\finalproject\gamearchfinalproject\example-scripting-master\build\ga-demo-scripting\cmakefiles\generate.stamp
c:\users\weisea3\desktop\gamearch\finalproject\gamearchfinalproject\example-scripting-master\build\ga-demo-scripting\debug\ga.pdb
c:\users\weisea3\desktop\gamearch\finalproject\gamearchfinalproject\example-scripting-master\build\ga-demo-scripting\debug\ga.exe
c:\users\weisea3\desktop\gamearch\finalproject\gamearchfinalproject\example-scripting-master\build\ga-demo-scripting\debug\ga.ilk
c:\users\weisea3\desktop\gamearch\finalproject\gamearchfinalproject\example-scripting-master\build\ga-demo-scripting\ga.dir\debug\ga.tlog\cl.command.1.tlog
c:\users\weisea3\desktop\gamearch\finalproject\gamearchfinalproject\example-scripting-master\build\ga-demo-scripting\ga.dir\debug\ga.tlog\cl.read.1.tlog
c:\users\weisea3\desktop\gamearch\finalproject\gamearchfinalproject\example-scripting-master\build\ga-demo-scripting\ga.dir\debug\ga.tlog\cl.write.1.tlog
c:\users\weisea3\desktop\gamearch\finalproject\gamearchfinalproject\example-scripting-master\build\ga-demo-scripting\ga.dir\debug\ga.tlog\custombuild.command.1.tlog
c:\users\weisea3\desktop\gamearch\finalproject\gamearchfinalproject\example-scripting-master\build\ga-demo-scripting\ga.dir\debug\ga.tlog\custombuild.read.1.tlog
c:\users\weisea3\desktop\gamearch\finalproject\gamearchfinalproject\example-scripting-master\build\ga-demo-scripting\ga.dir\debug\ga.tlog\custombuild.write.1.tlog
c:\users\weisea3\desktop\gamearch\finalproject\gamearchfinalproject\example-scripting-master\build\ga-demo-scripting\ga.dir\debug\ga.tlog\link.command.1.tlog
c:\users\weisea3\desktop\gamearch\finalproject\gamearchfinalproject\example-scripting-master\build\ga-demo-scripting\ga.dir\debug\ga.tlog\link.read.1.tlog
c:\users\weisea3\desktop\gamearch\finalproject\gamearchfinalproject\example-scripting-master\build\ga-demo-scripting\ga.dir\debug\ga.tlog\link.write.1.tlog
